<?xml version="1.0" encoding="UTF-8"?>
<testsuite xmlns:xsi="http://www.w3.org/2001/XMLSchema-instance" xsi:noNamespaceSchemaLocation="https://maven.apache.org/surefire/maven-surefire-plugin/xsd/surefire-test-report.xsd" name="com.kwz.MyBatisQueryWrapperTest" time="0.134" tests="4" errors="0" skipped="0" failures="0">
  <properties>
[...]
</properties>
  <testcase name="select" classname="com.kwz.MyBatisQueryWrapperTest" time="0.049"/>
  <testcase name="likeRight" classname="com.kwz.MyBatisQueryWrapperTest" time="0.023"/>
  <testcase name="in" classname="com.kwz.MyBatisQueryWrapperTest" time="0.003"/>
  <testcase name="like" classname="com.kwz.MyBatisQueryWrapperTest" time="0.036"/>
</testsuite>